

*******************************************************************************
Sat Dec 23 20:34:28 2017


FIT:    data read from 'analysis.txt' using 1:2
        format = x:z
        x range restricted to [1091.33 : 3091.33]
        #datapoints = 3
        residuals are weighted equally (unit weight)

function used for fitting: f(x)
	f(x) = b*x + c
fitted parameters initialized with current variable values

iter      chisq       delta/lim  lambda   b             c            
   0 1.1000776678e+06   0.00e+00  1.58e+03    1.000000e+00   1.000000e+00
   8 1.2818107745e+02  -8.20e-10  1.58e-05    2.011895e-01   2.013146e+03

After 8 iterations the fit converged.
final sum of squares of residuals : 128.181
rel. change during last iteration : -8.20404e-15

degrees of freedom    (FIT_NDF)                        : 1
rms of residuals      (FIT_STDFIT) = sqrt(WSSR/ndf)    : 11.3217
variance of residuals (reduced chisquare) = WSSR/ndf   : 128.181

Final set of parameters            Asymptotic Standard Error
=======================            ==========================
b               = 0.201189         +/- 0.009977     (4.959%)
c               = 2013.15          +/- 22.31        (1.108%)

correlation matrix of the fit parameters:
                b      c      
b               1.000 
c              -0.956  1.000 
